
optiboot_luminet.elf:     file format elf32-avr

Sections:
Idx Name          Size      VMA       LMA       File off  Algn
  0 .text         00000264  00001d00  00001d00  00000074  2**1
                  CONTENTS, ALLOC, LOAD, READONLY, CODE
  1 .version      00000002  00001efe  00001efe  000002d8  2**0
                  CONTENTS, READONLY
  2 .data         00000000  00800060  00001f64  000002d8  2**0
                  CONTENTS, ALLOC, LOAD, DATA
  3 .debug_aranges 00000028  00000000  00000000  000002da  2**0
                  CONTENTS, READONLY, DEBUGGING
  4 .debug_info   000002d7  00000000  00000000  00000302  2**0
                  CONTENTS, READONLY, DEBUGGING
  5 .debug_abbrev 00000181  00000000  00000000  000005d9  2**0
                  CONTENTS, READONLY, DEBUGGING
  6 .debug_line   000001a9  00000000  00000000  0000075a  2**0
                  CONTENTS, READONLY, DEBUGGING
  7 .debug_frame  000000a4  00000000  00000000  00000904  2**2
                  CONTENTS, READONLY, DEBUGGING
  8 .debug_str    00000152  00000000  00000000  000009a8  2**0
                  CONTENTS, READONLY, DEBUGGING
  9 .debug_loc    00000326  00000000  00000000  00000afa  2**0
                  CONTENTS, READONLY, DEBUGGING
 10 .debug_ranges 00000060  00000000  00000000  00000e20  2**0
                  CONTENTS, READONLY, DEBUGGING

Disassembly of section .text:

00001d00 <main>:
# define UART_SRL UBRR3L
# define UART_UDR UDR3
#endif

/* main program starts here */
int main(void) {
    1d00:	0f 92       	push	r0
    1d02:	cd b7       	in	r28, 0x3d	; 61
    1d04:	de b7       	in	r29, 0x3e	; 62
  //  SP points to RAMEND
  //  r1 contains zero
  //
  // If not, uncomment the following instructions:
  // cli();
  asm volatile ("clr __zero_reg__");
    1d06:	11 24       	eor	r1, r1
#if defined(__AVR_ATmega8__) || defined (__AVR_ATmega32__)
  SP=RAMEND;  // This is done by hardware reset
#endif

  // Adaboot no-wait mod
  ch = MCUSR;
    1d08:	84 b7       	in	r24, 0x34	; 52
  MCUSR = 0;
    1d0a:	14 be       	out	0x34, r1	; 52
  if (!(ch & _BV(EXTRF))) appStart(ch);
    1d0c:	81 ff       	sbrs	r24, 1
    1d0e:	24 d1       	rcall	.+584    	; 0x1f58 <appStart>

#if LED_START_FLASHES > 0
  // Set up Timer 1 for timeout counter
  TCCR1B = _BV(CS12) | _BV(CS10); // div 1024
    1d10:	85 e0       	ldi	r24, 0x05	; 5
    1d12:	8e bd       	out	0x2e, r24	; 46
  UART_SRL = (uint8_t)( (F_CPU + BAUD_RATE * 4L) / (BAUD_RATE * 8L) - 1 );
#endif
#endif

  // Set up watchdog to trigger after 500ms
  watchdogConfig(WATCHDOG_1S);
    1d14:	8e e0       	ldi	r24, 0x0E	; 14
    1d16:	0c d1       	rcall	.+536    	; 0x1f30 <watchdogConfig>

#if (LED_START_FLASHES > 0) || defined(LED_DATA_FLASH)
  /* Set LED pin as output */
  LED_DDR |= _BV(LED);
    1d18:	d4 9a       	sbi	0x1a, 4	; 26
#endif

#ifdef SOFT_UART
  /* Set TX pin as output */
  UART_DDR |= _BV(UART_TX_BIT);
    1d1a:	d2 9a       	sbi	0x1a, 2	; 26
    1d1c:	26 e0       	ldi	r18, 0x06	; 6
}

#if LED_START_FLASHES > 0
void flash_led(uint8_t count) {
  do {
    TCNT1 = -(F_CPU/(1024*16));
    1d1e:	83 ec       	ldi	r24, 0xC3	; 195
    1d20:	9f ef       	ldi	r25, 0xFF	; 255
    TIFR1 = _BV(TOV1);
    1d22:	31 e0       	ldi	r19, 0x01	; 1
}

#if LED_START_FLASHES > 0
void flash_led(uint8_t count) {
  do {
    TCNT1 = -(F_CPU/(1024*16));
    1d24:	9d bd       	out	0x2d, r25	; 45
    1d26:	8c bd       	out	0x2c, r24	; 44
    TIFR1 = _BV(TOV1);
    1d28:	3b b9       	out	0x0b, r19	; 11
    while(!(TIFR1 & _BV(TOV1)));
    1d2a:	58 9b       	sbis	0x0b, 0	; 11
    1d2c:	fe cf       	rjmp	.-4      	; 0x1d2a <main+0x2a>
#if defined(__AVR_ATmega8__)  || defined (__AVR_ATmega32__)
    LED_PORT ^= _BV(LED);
#else
    LED_PIN |= _BV(LED);
    1d2e:	cc 9a       	sbi	0x19, 4	; 25
}
#endif

// Watchdog functions. These are only safe with interrupts turned off.
void watchdogReset() {
  __asm__ __volatile__ (
    1d30:	a8 95       	wdr
    1d32:	21 50       	subi	r18, 0x01	; 1
    LED_PORT ^= _BV(LED);
#else
    LED_PIN |= _BV(LED);
#endif
    watchdogReset();
  } while (--count);
    1d34:	b9 f7       	brne	.-18     	; 0x1d24 <main+0x24>
    1d36:	00 e0       	ldi	r16, 0x00	; 0
    1d38:	10 e0       	ldi	r17, 0x00	; 0

      // If we are in NRWW section, page erase has to be delayed until now.
      // Todo: Take RAMPZ into account (not doing so just means that we will
      //  treat the top of both "pages" of flash as NRWW, for a slight speed
      //  decrease, so fixing this is not urgent.)
      if (address >= NRWWSTART) __boot_page_erase_short((uint16_t)(void*)address);
    1d3a:	b3 e0       	ldi	r27, 0x03	; 3
    1d3c:	fb 2e       	mov	r15, r27
      ch = SPM_PAGESIZE / 2;
      do {
        uint16_t a;
        a = *bufPtr++;
        a |= (*bufPtr++) << 8;
        __boot_page_fill_short((uint16_t)(void*)addrPtr,a);
    1d3e:	ee 24       	eor	r14, r14
    1d40:	e3 94       	inc	r14
        addrPtr += 2;
      } while (--ch);

      // Write from programming buffer
      __boot_page_write_short((uint16_t)(void*)address);
    1d42:	85 e0       	ldi	r24, 0x05	; 5
    1d44:	d8 2e       	mov	r13, r24
        vect -= 4; // Instruction is a relative jump (rjmp), so recalculate.
        buff[8] = vect & 0xff;
        buff[9] = vect >> 8;

        // Add jump to bootloader at RESET vector
        buff[0] = 0x7f;
    1d46:	9f e7       	ldi	r25, 0x7F	; 127
    1d48:	c9 2e       	mov	r12, r25
        buff[1] = 0xce; // rjmp 0x1d00 instruction
    1d4a:	2e ec       	ldi	r18, 0xCE	; 206
    1d4c:	b2 2e       	mov	r11, r18
#endif

  /* Forever loop */
  for (;;) {
    /* get character from UART */
    ch = getch();
    1d4e:	dd d0       	rcall	.+442    	; 0x1f0a <getch>

    if(ch == STK_GET_PARAMETER) {
    1d50:	81 34       	cpi	r24, 0x41	; 65
    1d52:	69 f4       	brne	.+26     	; 0x1d6e <main+0x6e>
      unsigned char which = getch();
    1d54:	da d0       	rcall	.+436    	; 0x1f0a <getch>
      verifySpace();
    1d56:	89 83       	std	Y+1, r24	; 0x01
    1d58:	ef d0       	rcall	.+478    	; 0x1f38 <verifySpace>
      if (which == 0x82) {
    1d5a:	89 81       	ldd	r24, Y+1	; 0x01
    1d5c:	82 38       	cpi	r24, 0x82	; 130
    1d5e:	19 f1       	breq	.+70     	; 0x1da6 <main+0xa6>
	/*
	 * Send optiboot version as "minor SW version"
	 */
	putch(OPTIBOOT_MINVER);
      } else if (which == 0x81) {
    1d60:	81 38       	cpi	r24, 0x81	; 129
    1d62:	11 f4       	brne	.+4      	; 0x1d68 <main+0x68>
	  putch(OPTIBOOT_MAJVER);
    1d64:	85 e0       	ldi	r24, 0x05	; 5
    1d66:	01 c0       	rjmp	.+2      	; 0x1d6a <main+0x6a>
      } else {
	/*
	 * GET PARAMETER returns a generic 0x03 reply for
         * other parameters - enough to keep Avrdude happy
	 */
	putch(0x03);
    1d68:	83 e0       	ldi	r24, 0x03	; 3
    1d6a:	c0 d0       	rcall	.+384    	; 0x1eec <putch>
    1d6c:	bc c0       	rjmp	.+376    	; 0x1ee6 <main+0x1e6>
      }
    }
    else if(ch == STK_SET_DEVICE) {
    1d6e:	82 34       	cpi	r24, 0x42	; 66
    1d70:	11 f4       	brne	.+4      	; 0x1d76 <main+0x76>
      // SET DEVICE is ignored
      getNch(20);
    1d72:	84 e1       	ldi	r24, 0x14	; 20
    1d74:	03 c0       	rjmp	.+6      	; 0x1d7c <main+0x7c>
    }
    else if(ch == STK_SET_DEVICE_EXT) {
    1d76:	85 34       	cpi	r24, 0x45	; 69
    1d78:	19 f4       	brne	.+6      	; 0x1d80 <main+0x80>
      // SET DEVICE EXT is ignored
      getNch(5);
    1d7a:	85 e0       	ldi	r24, 0x05	; 5
    1d7c:	e5 d0       	rcall	.+458    	; 0x1f48 <verifySpace+0x10>
    1d7e:	b3 c0       	rjmp	.+358    	; 0x1ee6 <main+0x1e6>
    }
    else if(ch == STK_LOAD_ADDRESS) {
    1d80:	85 35       	cpi	r24, 0x55	; 85
    1d82:	69 f4       	brne	.+26     	; 0x1d9e <main+0x9e>
      // LOAD ADDRESS
      uint16_t newAddress;
      newAddress = getch();
    1d84:	c2 d0       	rcall	.+388    	; 0x1f0a <getch>
    1d86:	68 2e       	mov	r6, r24
    1d88:	77 24       	eor	r7, r7
      newAddress = (newAddress & 0xff) | (getch() << 8);
    1d8a:	bf d0       	rcall	.+382    	; 0x1f0a <getch>
    1d8c:	08 2f       	mov	r16, r24
    1d8e:	10 e0       	ldi	r17, 0x00	; 0
    1d90:	10 2f       	mov	r17, r16
    1d92:	00 27       	eor	r16, r16
    1d94:	06 29       	or	r16, r6
    1d96:	17 29       	or	r17, r7
#ifdef RAMPZ
      // Transfer top bit to RAMPZ
      RAMPZ = (newAddress & 0x8000) ? 1 : 0;
#endif
      newAddress += newAddress; // Convert from word address to byte address
    1d98:	00 0f       	add	r16, r16
    1d9a:	11 1f       	adc	r17, r17
    1d9c:	a3 c0       	rjmp	.+326    	; 0x1ee4 <main+0x1e4>
      address = newAddress;
      verifySpace();
    }
    else if(ch == STK_UNIVERSAL) {
    1d9e:	86 35       	cpi	r24, 0x56	; 86
    1da0:	21 f4       	brne	.+8      	; 0x1daa <main+0xaa>
      // UNIVERSAL command is ignored
      getNch(4);
    1da2:	84 e0       	ldi	r24, 0x04	; 4
    1da4:	d1 d0       	rcall	.+418    	; 0x1f48 <verifySpace+0x10>
      putch(0x00);
    1da6:	80 e0       	ldi	r24, 0x00	; 0
    1da8:	e0 cf       	rjmp	.-64     	; 0x1d6a <main+0x6a>
    }
    /* Write memory, length is big endian and is in bytes */
    else if(ch == STK_PROG_PAGE) {
    1daa:	84 36       	cpi	r24, 0x64	; 100
    1dac:	09 f0       	breq	.+2      	; 0x1db0 <main+0xb0>
    1dae:	5b c0       	rjmp	.+182    	; 0x1e66 <main+0x166>
      // PROGRAM PAGE - we support flash programming only, not EEPROM
      uint8_t *bufPtr;
      uint16_t addrPtr;

      getch();			/* getlen() */
    1db0:	ac d0       	rcall	.+344    	; 0x1f0a <getch>
      length = getch();
    1db2:	ab d0       	rcall	.+342    	; 0x1f0a <getch>
    1db4:	a8 2e       	mov	r10, r24
      getch();
    1db6:	a9 d0       	rcall	.+338    	; 0x1f0a <getch>

      // If we are in RWW section, immediately start page erase
      if (address < NRWWSTART) __boot_page_erase_short((uint16_t)(void*)address);

      // While that is going on, read in page contents
      bufPtr = buff;
    1db8:	61 2c       	mov	r6, r1
    1dba:	e1 e0       	ldi	r30, 0x01	; 1
    1dbc:	7e 2e       	mov	r7, r30
      do *bufPtr++ = getch();
    1dbe:	a5 d0       	rcall	.+330    	; 0x1f0a <getch>
    1dc0:	f3 01       	movw	r30, r6
    1dc2:	81 93       	st	Z+, r24
    1dc4:	3f 01       	movw	r6, r30
      while (--length);
    1dc6:	ae 16       	cp	r10, r30
    1dc8:	d1 f7       	brne	.-12     	; 0x1dbe <main+0xbe>

      // If we are in NRWW section, page erase has to be delayed until now.
      // Todo: Take RAMPZ into account (not doing so just means that we will
      //  treat the top of both "pages" of flash as NRWW, for a slight speed
      //  decrease, so fixing this is not urgent.)
      if (address >= NRWWSTART) __boot_page_erase_short((uint16_t)(void*)address);
    1dca:	f8 01       	movw	r30, r16
    1dcc:	f7 be       	out	0x37, r15	; 55
    1dce:	e8 95       	spm

      // Read command terminator, start reply
      verifySpace();
    1dd0:	b3 d0       	rcall	.+358    	; 0x1f38 <verifySpace>

      // If only a partial page is to be programmed, the erase might not be complete.
      // So check that here
      boot_spm_busy_wait();
    1dd2:	07 b6       	in	r0, 0x37	; 55
    1dd4:	00 fc       	sbrc	r0, 0
    1dd6:	fd cf       	rjmp	.-6      	; 0x1dd2 <main+0xd2>

#ifdef VIRTUAL_BOOT_PARTITION
      if ((uint16_t)(void*)address == 0) {
    1dd8:	01 15       	cp	r16, r1
    1dda:	11 05       	cpc	r17, r1
    1ddc:	31 f5       	brne	.+76     	; 0x1e2a <main+0x12a>
        // This is the reset vector page. We need to live-patch the code so the
        // bootloader runs.
        //
        // Move RESET vector to WDT vector
        uint16_t vect = buff[0] | (buff[1]<<8);
    1dde:	40 91 01 01 	lds	r20, 0x0101
    1de2:	50 e0       	ldi	r21, 0x00	; 0
    1de4:	54 2f       	mov	r21, r20
    1de6:	44 27       	eor	r20, r20
    1de8:	80 91 00 01 	lds	r24, 0x0100
    1dec:	90 e0       	ldi	r25, 0x00	; 0
    1dee:	48 2b       	or	r20, r24
    1df0:	59 2b       	or	r21, r25
        rstVect = vect;
    1df2:	50 93 85 01 	sts	0x0185, r21
    1df6:	40 93 84 01 	sts	0x0184, r20
        wdtVect = buff[8] | (buff[9]<<8);
    1dfa:	80 91 09 01 	lds	r24, 0x0109
    1dfe:	90 e0       	ldi	r25, 0x00	; 0
    1e00:	98 2f       	mov	r25, r24
    1e02:	88 27       	eor	r24, r24
    1e04:	20 91 08 01 	lds	r18, 0x0108
    1e08:	30 e0       	ldi	r19, 0x00	; 0
    1e0a:	82 2b       	or	r24, r18
    1e0c:	93 2b       	or	r25, r19
    1e0e:	90 93 87 01 	sts	0x0187, r25
    1e12:	80 93 86 01 	sts	0x0186, r24
        vect -= 4; // Instruction is a relative jump (rjmp), so recalculate.
    1e16:	44 50       	subi	r20, 0x04	; 4
    1e18:	50 40       	sbci	r21, 0x00	; 0
        buff[8] = vect & 0xff;
    1e1a:	40 93 08 01 	sts	0x0108, r20
        buff[9] = vect >> 8;
    1e1e:	50 93 09 01 	sts	0x0109, r21

        // Add jump to bootloader at RESET vector
        buff[0] = 0x7f;
    1e22:	c0 92 00 01 	sts	0x0100, r12
        buff[1] = 0xce; // rjmp 0x1d00 instruction
    1e26:	b0 92 01 01 	sts	0x0101, r11

      // If we are in RWW section, immediately start page erase
      if (address < NRWWSTART) __boot_page_erase_short((uint16_t)(void*)address);

      // While that is going on, read in page contents
      bufPtr = buff;
    1e2a:	f8 01       	movw	r30, r16
        buff[1] = 0xce; // rjmp 0x1d00 instruction
      }
#endif

      // Copy buffer into programming buffer
      bufPtr = buff;
    1e2c:	a0 e0       	ldi	r26, 0x00	; 0
    1e2e:	b1 e0       	ldi	r27, 0x01	; 1
      addrPtr = (uint16_t)(void*)address;
      ch = SPM_PAGESIZE / 2;
      do {
        uint16_t a;
        a = *bufPtr++;
    1e30:	2c 91       	ld	r18, X
    1e32:	30 e0       	ldi	r19, 0x00	; 0
        a |= (*bufPtr++) << 8;
    1e34:	11 96       	adiw	r26, 0x01	; 1
    1e36:	8c 91       	ld	r24, X
    1e38:	11 97       	sbiw	r26, 0x01	; 1
    1e3a:	90 e0       	ldi	r25, 0x00	; 0
    1e3c:	98 2f       	mov	r25, r24
    1e3e:	88 27       	eor	r24, r24
    1e40:	82 2b       	or	r24, r18
    1e42:	93 2b       	or	r25, r19
# define UART_SRL UBRR3L
# define UART_UDR UDR3
#endif

/* main program starts here */
int main(void) {
    1e44:	12 96       	adiw	r26, 0x02	; 2
      ch = SPM_PAGESIZE / 2;
      do {
        uint16_t a;
        a = *bufPtr++;
        a |= (*bufPtr++) << 8;
        __boot_page_fill_short((uint16_t)(void*)addrPtr,a);
    1e46:	0c 01       	movw	r0, r24
    1e48:	e7 be       	out	0x37, r14	; 55
    1e4a:	e8 95       	spm
    1e4c:	11 24       	eor	r1, r1
        addrPtr += 2;
    1e4e:	32 96       	adiw	r30, 0x02	; 2
      } while (--ch);
    1e50:	81 e0       	ldi	r24, 0x01	; 1
    1e52:	a0 34       	cpi	r26, 0x40	; 64
    1e54:	b8 07       	cpc	r27, r24
    1e56:	61 f7       	brne	.-40     	; 0x1e30 <main+0x130>

      // Write from programming buffer
      __boot_page_write_short((uint16_t)(void*)address);
    1e58:	f8 01       	movw	r30, r16
    1e5a:	d7 be       	out	0x37, r13	; 55
    1e5c:	e8 95       	spm
      boot_spm_busy_wait();
    1e5e:	07 b6       	in	r0, 0x37	; 55
    1e60:	00 fc       	sbrc	r0, 0
    1e62:	fd cf       	rjmp	.-6      	; 0x1e5e <main+0x15e>
    1e64:	40 c0       	rjmp	.+128    	; 0x1ee6 <main+0x1e6>
      boot_rww_enable();
#endif

    }
    /* Read memory block mode, length is big endian.  */
    else if(ch == STK_READ_PAGE) {
    1e66:	84 37       	cpi	r24, 0x74	; 116
    1e68:	81 f5       	brne	.+96     	; 0x1eca <main+0x1ca>
      // READ PAGE - we only read flash
      getch();			/* getlen() */
    1e6a:	4f d0       	rcall	.+158    	; 0x1f0a <getch>
      length = getch();
    1e6c:	4e d0       	rcall	.+156    	; 0x1f0a <getch>
    1e6e:	98 2e       	mov	r9, r24
      getch();
    1e70:	4c d0       	rcall	.+152    	; 0x1f0a <getch>

      verifySpace();
    1e72:	62 d0       	rcall	.+196    	; 0x1f38 <verifySpace>
    }
    /* Read memory block mode, length is big endian.  */
    else if(ch == STK_READ_PAGE) {
      // READ PAGE - we only read flash
      getch();			/* getlen() */
      length = getch();
    1e74:	a9 2c       	mov	r10, r9
      getch();

      verifySpace();
    1e76:	38 01       	movw	r6, r16
      do {
#ifdef VIRTUAL_BOOT_PARTITION
        // Undo vector patch in bottom page so verify passes
        if (address == 0)       ch=rstVect & 0xff;
    1e78:	61 14       	cp	r6, r1
    1e7a:	71 04       	cpc	r7, r1
    1e7c:	19 f4       	brne	.+6      	; 0x1e84 <main+0x184>
    1e7e:	80 91 84 01 	lds	r24, 0x0184
    1e82:	17 c0       	rjmp	.+46     	; 0x1eb2 <main+0x1b2>
        else if (address == 1)  ch=rstVect >> 8;
    1e84:	f1 e0       	ldi	r31, 0x01	; 1
    1e86:	6f 16       	cp	r6, r31
    1e88:	71 04       	cpc	r7, r1
    1e8a:	19 f4       	brne	.+6      	; 0x1e92 <main+0x192>
    1e8c:	80 91 85 01 	lds	r24, 0x0185
    1e90:	10 c0       	rjmp	.+32     	; 0x1eb2 <main+0x1b2>
        else if (address == 8)  ch=wdtVect & 0xff;
    1e92:	88 e0       	ldi	r24, 0x08	; 8
    1e94:	68 16       	cp	r6, r24
    1e96:	71 04       	cpc	r7, r1
    1e98:	19 f4       	brne	.+6      	; 0x1ea0 <main+0x1a0>
    1e9a:	80 91 86 01 	lds	r24, 0x0186
    1e9e:	09 c0       	rjmp	.+18     	; 0x1eb2 <main+0x1b2>
        else if (address == 9) ch=wdtVect >> 8;
    1ea0:	e9 e0       	ldi	r30, 0x09	; 9
    1ea2:	6e 16       	cp	r6, r30
    1ea4:	71 04       	cpc	r7, r1
    1ea6:	19 f4       	brne	.+6      	; 0x1eae <main+0x1ae>
    1ea8:	80 91 87 01 	lds	r24, 0x0187
    1eac:	02 c0       	rjmp	.+4      	; 0x1eb2 <main+0x1b2>
        else ch = pgm_read_byte_near(address);
    1eae:	f3 01       	movw	r30, r6
    1eb0:	84 91       	lpm	r24, Z
        address++;
    1eb2:	08 94       	sec
    1eb4:	61 1c       	adc	r6, r1
    1eb6:	71 1c       	adc	r7, r1
        __asm__ ("elpm %0,Z+\n" : "=r" (ch), "=z" (address): "1" (address));
#else
        // read a Flash byte and increment the address
        __asm__ ("lpm %0,Z+\n" : "=r" (ch), "=z" (address): "1" (address));
#endif
        putch(ch);
    1eb8:	19 d0       	rcall	.+50     	; 0x1eec <putch>
      } while (--length);
    1eba:	aa 94       	dec	r10
    1ebc:	e9 f6       	brne	.-70     	; 0x1e78 <main+0x178>
# define UART_SRL UBRR3L
# define UART_UDR UDR3
#endif

/* main program starts here */
int main(void) {
    1ebe:	0f 5f       	subi	r16, 0xFF	; 255
    1ec0:	1f 4f       	sbci	r17, 0xFF	; 255
    1ec2:	9a 94       	dec	r9
    1ec4:	09 0d       	add	r16, r9
    1ec6:	11 1d       	adc	r17, r1
    1ec8:	0e c0       	rjmp	.+28     	; 0x1ee6 <main+0x1e6>
        putch(ch);
      } while (--length);
    }

    /* Get device signature bytes  */
    else if(ch == STK_READ_SIGN) {
    1eca:	85 37       	cpi	r24, 0x75	; 117
    1ecc:	39 f4       	brne	.+14     	; 0x1edc <main+0x1dc>
      // READ SIGN - return what Avrdude wants to hear
      verifySpace();
    1ece:	34 d0       	rcall	.+104    	; 0x1f38 <verifySpace>
      putch(SIGNATURE_0);
    1ed0:	8e e1       	ldi	r24, 0x1E	; 30
    1ed2:	0c d0       	rcall	.+24     	; 0x1eec <putch>
      putch(SIGNATURE_1);
    1ed4:	83 e9       	ldi	r24, 0x93	; 147
    1ed6:	0a d0       	rcall	.+20     	; 0x1eec <putch>
      putch(SIGNATURE_2);
    1ed8:	8c e0       	ldi	r24, 0x0C	; 12
    1eda:	47 cf       	rjmp	.-370    	; 0x1d6a <main+0x6a>
    }
    else if (ch == STK_LEAVE_PROGMODE) { /* 'Q' */
    1edc:	81 35       	cpi	r24, 0x51	; 81
    1ede:	11 f4       	brne	.+4      	; 0x1ee4 <main+0x1e4>
      // Adaboot no-wait mod
      watchdogConfig(WATCHDOG_16MS);
    1ee0:	88 e0       	ldi	r24, 0x08	; 8
    1ee2:	26 d0       	rcall	.+76     	; 0x1f30 <watchdogConfig>
      verifySpace();
    }
    else {
      // This covers the response to commands like STK_ENTER_PROGMODE
      verifySpace();
    1ee4:	29 d0       	rcall	.+82     	; 0x1f38 <verifySpace>
    }
    putch(STK_OK);
    1ee6:	80 e1       	ldi	r24, 0x10	; 16
    1ee8:	01 d0       	rcall	.+2      	; 0x1eec <putch>
  }
    1eea:	31 cf       	rjmp	.-414    	; 0x1d4e <main+0x4e>

00001eec <putch>:
void putch(char ch) {
#ifndef SOFT_UART
  while (!(UART_SRA & _BV(UDRE0)));
  UART_UDR = ch;
#else
  __asm__ __volatile__ (
    1eec:	2a e0       	ldi	r18, 0x0A	; 10
    1eee:	30 e0       	ldi	r19, 0x00	; 0
    1ef0:	80 95       	com	r24
    1ef2:	08 94       	sec
    1ef4:	10 f4       	brcc	.+4      	; 0x1efa <putch+0xe>
    1ef6:	da 98       	cbi	0x1b, 2	; 27
    1ef8:	02 c0       	rjmp	.+4      	; 0x1efe <optiboot_version>
    1efa:	da 9a       	sbi	0x1b, 2	; 27
    1efc:	00 00       	nop
    1efe:	14 d0       	rcall	.+40     	; 0x1f28 <uartDelay>
    1f00:	13 d0       	rcall	.+38     	; 0x1f28 <uartDelay>
    1f02:	86 95       	lsr	r24
    1f04:	2a 95       	dec	r18
    1f06:	b1 f7       	brne	.-20     	; 0x1ef4 <putch+0x8>
      [uartBit] "I" (UART_TX_BIT)
    :
      "r25"
  );
#endif
}
    1f08:	08 95       	ret

00001f0a <getch>:
  LED_PIN |= _BV(LED);
#endif
#endif

  return ch;
}
    1f0a:	29 e0       	ldi	r18, 0x09	; 9
    1f0c:	30 e0       	ldi	r19, 0x00	; 0
    1f0e:	cb 99       	sbic	0x19, 3	; 25
    1f10:	fe cf       	rjmp	.-4      	; 0x1f0e <getch+0x4>
    1f12:	0a d0       	rcall	.+20     	; 0x1f28 <uartDelay>
    1f14:	09 d0       	rcall	.+18     	; 0x1f28 <uartDelay>
    1f16:	08 d0       	rcall	.+16     	; 0x1f28 <uartDelay>
    1f18:	88 94       	clc
    1f1a:	cb 99       	sbic	0x19, 3	; 25
    1f1c:	08 94       	sec
    1f1e:	2a 95       	dec	r18
    1f20:	11 f0       	breq	.+4      	; 0x1f26 <getch+0x1c>
    1f22:	87 95       	ror	r24
    1f24:	f7 cf       	rjmp	.-18     	; 0x1f14 <getch+0xa>
    1f26:	08 95       	ret

00001f28 <uartDelay>:
#if UART_B_VALUE > 255
#error Baud rate too slow for soft UART
#endif

void uartDelay() {
  __asm__ __volatile__ (
    1f28:	9e e0       	ldi	r25, 0x0E	; 14
    1f2a:	9a 95       	dec	r25
    1f2c:	f1 f7       	brne	.-4      	; 0x1f2a <uartDelay+0x2>
    1f2e:	08 95       	ret

00001f30 <watchdogConfig>:
    "wdr\n"
  );
}

void watchdogConfig(uint8_t x) {
  WDTCSR = _BV(WDCE) | _BV(WDE);
    1f30:	98 e1       	ldi	r25, 0x18	; 24
    1f32:	91 bd       	out	0x21, r25	; 33
  WDTCSR = x;
    1f34:	81 bd       	out	0x21, r24	; 33
}
    1f36:	08 95       	ret

00001f38 <verifySpace>:
  do getch(); while (--count);
  verifySpace();
}

void verifySpace() {
  if (getch() != CRC_EOP) {
    1f38:	e8 df       	rcall	.-48     	; 0x1f0a <getch>
    1f3a:	80 32       	cpi	r24, 0x20	; 32
    1f3c:	19 f0       	breq	.+6      	; 0x1f44 <verifySpace+0xc>
    watchdogConfig(WATCHDOG_16MS);    // shorten WD timeout
    1f3e:	88 e0       	ldi	r24, 0x08	; 8
    1f40:	f7 df       	rcall	.-18     	; 0x1f30 <watchdogConfig>
    1f42:	ff cf       	rjmp	.-2      	; 0x1f42 <verifySpace+0xa>
    while (1)			      // and busy-loop so that WD causes
      ;				      //  a reset and app start.
  }
  putch(STK_INSYNC);
    1f44:	84 e1       	ldi	r24, 0x14	; 20
    1f46:	d2 cf       	rjmp	.-92     	; 0x1eec <putch>
}
    1f48:	cf 93       	push	r28

00001f4a <getNch>:
    ::[count] "M" (UART_B_VALUE)
  );
}
#endif

void getNch(uint8_t count) {
    1f4a:	c8 2f       	mov	r28, r24
    1f4c:	de df       	rcall	.-68     	; 0x1f0a <getch>
  do getch(); while (--count);
    1f4e:	c1 50       	subi	r28, 0x01	; 1
    1f50:	e9 f7       	brne	.-6      	; 0x1f4c <getNch+0x2>
    1f52:	f2 df       	rcall	.-28     	; 0x1f38 <verifySpace>
  verifySpace();
    1f54:	cf 91       	pop	r28
}
    1f56:	08 95       	ret

00001f58 <appStart>:
    1f58:	28 2e       	mov	r2, r24

void appStart(uint8_t rstFlags) {
  // save the reset flags in the designated register
  //  This can be saved in a main program by putting code in .init0 (which
  //  executes before normal c init code) to save R2 to a global variable.
  __asm__ __volatile__ ("mov r2, %0\n" :: "r" (rstFlags));
    1f5a:	80 e0       	ldi	r24, 0x00	; 0

  watchdogConfig(WATCHDOG_OFF);
    1f5c:	e9 df       	rcall	.-46     	; 0x1f30 <watchdogConfig>
    1f5e:	e4 e0       	ldi	r30, 0x04	; 4
  __asm__ __volatile__ (
    1f60:	ff 27       	eor	r31, r31
    1f62:	09 94       	ijmp
